<?xml version="1.0" encoding="UTF-8"?>
<!-- Generated by org.testng.reporters.JUnitXMLReporter -->
<testsuite ignored="0" hostname="DESKTOP-RUL24GA" failures="1" tests="12" name="Test" time="14.758" errors="0" timestamp="2022-07-21T23:08:20 IST">
  <testcase classname="restAssuredApiTest.RestassuredTestApi" name="getecomdetails" time="5.054"/>
  <testcase classname="restAssuredApiTest.RestassuredTestApi" name="listdetails" time="1.803"/>
  <testcase classname="AllApitypes.AllapiModeltests" name="BearerAuth" time="0.671"/>
  <testcase classname="AllApitypes.AllapiModeltests" name="DigestAuth" time="1.002"/>
  <testcase classname="AllApitypes.AllapiModeltests" name="GetCacheResponse" time="0.462"/>
  <testcase classname="AllApitypes.AllapiModeltests" name="GetIPadress" time="0.491"/>
  <testcase classname="AllApitypes.AllapiModeltests" name="Gogglemapapi" time="0.604"/>
  <testcase classname="AllApitypes.AllapiModeltests" name="Postrequest" time="1.141"/>
  <testcase classname="AllApitypes.AllapiModeltests" name="basicauthcrack" time="0.727"/>
  <testcase classname="AllApitypes.AllapiModeltests" name="googlemaplist" time="0.436"/>
  <testcase classname="restAssuredApiTest.RestAssuredGETApi" name="GetApiDetails" time="1.097"/>
  <testcase classname="restAssuredApiTest.RestAssuredApi" name="PostApiDeatails" time="1.09">
    <failure type="java.lang.AssertionError" message="expected [200] but found [429]">
      <![CDATA[java.lang.AssertionError: expected [200] but found [429]
at restAssuredApiTest.RestAssuredApi.PostApiDeatails(RestAssuredApi.java:35)
at java.base/java.util.ArrayList.forEach(ArrayList.java:1511)
... Removed 33 stack frames]]>
    </failure>
  </testcase> <!-- PostApiDeatails -->
</testsuite> <!-- Test -->
