<?xml version="1.0" encoding="UTF-8"?>
<!-- Generated by org.testng.reporters.JUnitXMLReporter -->
<testsuite ignored="0" hostname="DESKTOP-RUL24GA" failures="1" tests="12" name="Test" time="20.059" errors="0" timestamp="2022-07-22T01:00:14 IST">
  <testcase classname="restAssuredApiTest.RestassuredTestApi" name="getecomdetails" time="10.216"/>
  <testcase classname="restAssuredApiTest.RestassuredTestApi" name="listdetails" time="1.759"/>
  <testcase classname="AllApitypes.AllapiModeltests" name="BearerAuth" time="0.578"/>
  <testcase classname="AllApitypes.AllapiModeltests" name="DigestAuth" time="0.745"/>
  <testcase classname="AllApitypes.AllapiModeltests" name="GetCacheResponse" time="0.46"/>
  <testcase classname="AllApitypes.AllapiModeltests" name="GetIPadress" time="0.475"/>
  <testcase classname="AllApitypes.AllapiModeltests" name="Gogglemapapi" time="0.648"/>
  <testcase classname="AllApitypes.AllapiModeltests" name="Postrequest" time="1.249"/>
  <testcase classname="AllApitypes.AllapiModeltests" name="basicauthcrack" time="0.898"/>
  <testcase classname="AllApitypes.AllapiModeltests" name="googlemaplist" time="0.492"/>
  <testcase classname="restAssuredApiTest.RestAssuredGETApi" name="GetApiDetails" time="1.127"/>
  <testcase classname="restAssuredApiTest.RestAssuredApi" name="PostApiDeatails" time="1.13">
    <failure type="java.lang.AssertionError" message="expected [200] but found [429]">
      <![CDATA[java.lang.AssertionError: expected [200] but found [429]
at restAssuredApiTest.RestAssuredApi.PostApiDeatails(RestAssuredApi.java:35)
at java.base/java.util.ArrayList.forEach(ArrayList.java:1511)
... Removed 37 stack frames]]>
    </failure>
  </testcase> <!-- PostApiDeatails -->
</testsuite> <!-- Test -->
