<?xml version="1.0" encoding="UTF-8"?>
<testsuite xmlns:xsi="http://www.w3.org/2001/XMLSchema-instance" xsi:noNamespaceSchemaLocation="https://maven.apache.org/surefire/maven-surefire-plugin/xsd/surefire-test-report.xsd" name="TestSuite" time="21.945" tests="12" errors="0" skipped="0" failures="1">
  <properties>
[...]
</properties>
  <testcase name="getecomdetails" classname="restAssuredApiTest.RestassuredTestApi" time="10.362"/>
  <testcase name="listdetails" classname="restAssuredApiTest.RestassuredTestApi" time="1.64"/>
  <testcase name="BearerAuth" classname="AllApitypes.AllapiModeltests" time="0.553"/>
  <testcase name="DigestAuth" classname="AllApitypes.AllapiModeltests" time="0.755"/>
  <testcase name="GetCacheResponse" classname="AllApitypes.AllapiModeltests" time="0.462"/>
  <testcase name="GetIPadress" classname="AllApitypes.AllapiModeltests" time="0.47"/>
  <testcase name="Gogglemapapi" classname="AllApitypes.AllapiModeltests" time="0.642"/>
  <testcase name="Postrequest" classname="AllApitypes.AllapiModeltests" time="1.264"/>
  <testcase name="basicauthcrack" classname="AllApitypes.AllapiModeltests" time="0.893"/>
  <testcase name="googlemaplist" classname="AllApitypes.AllapiModeltests" time="0.499"/>
  <testcase name="GetApiDetails" classname="restAssuredApiTest.RestAssuredGETApi" time="1.139"/>
  <testcase name="PostApiDeatails" classname="restAssuredApiTest.RestAssuredApi" time="1.14">
    <failure message="expected [200] but found [429]" type="java.lang.AssertionError">java.lang.AssertionError: expected [200] but found [429]
	at restAssuredApiTest.RestAssuredApi.PostApiDeatails(RestAssuredApi.java:35)
</failure>
    <system-out><![CDATA[Content type is : null
body text is: <!DOCTYPE html>
<html lang="en">
    <head>
        <meta charset="utf-8">
        <meta name="viewport" content="width=device-width, initial-scale=1">

        <title>Too Many Requests</title>

        <!-- Fonts -->
        <link rel="dns-prefetch" href="//fonts.gstatic.com">
        <link href="https://fonts.googleapis.com/css?family=Nunito" rel="stylesheet">

        <!-- Styles -->
        <style>
            html, body {
                background-color: #fff;
                color: #636b6f;
                font-family: 'Nunito', sans-serif;
                font-weight: 100;
                height: 100vh;
                margin: 0;
            }

            .full-height {
                height: 100vh;
            }

            .flex-center {
                align-items: center;
                display: flex;
                justify-content: center;
            }

            .position-ref {
                position: relative;
            }

            .code {
                border-right: 2px solid;
                font-size: 26px;
                padding: 0 15px 0 15px;
                text-align: center;
            }

            .message {
                font-size: 18px;
                text-align: center;
            }
        </style>
    </head>
    <body>
        <div class="flex-center position-ref full-height">
            <div class="code">
                429            </div>

            <div class="message" style="padding: 10px;">
                Too Many Requests            </div>
        </div>
    </body>
</html>

]]></system-out>
  </testcase>
</testsuite>