-------------------------------------------------------------------------------
Test set: TestSuite
-------------------------------------------------------------------------------
Tests run: 12, Failures: 1, Errors: 0, Skipped: 0, Time elapsed: 21.945 s <<< FAILURE! - in TestSuite
PostApiDeatails(restAssuredApiTest.RestAssuredApi)  Time elapsed: 1.14 s  <<< FAILURE!
java.lang.AssertionError: expected [200] but found [429]
	at restAssuredApiTest.RestAssuredApi.PostApiDeatails(RestAssuredApi.java:35)

